  CaesarText.cpp
C:\Program Files\Microsoft Visual Studio\2022\Community\VC\Tools\MSVC\14.39.33519\include\xstring(492,23): error C2027: use of undefined type 'std::basic_ostream<char,std::char_traits<char>>'
  (compiling source file 'CaesarText.cpp')
  C:\Program Files\Microsoft Visual Studio\2022\Community\VC\Tools\MSVC\14.39.33519\include\iosfwd(185,7):
  see declaration of 'std::basic_ostream<char,std::char_traits<char>>'
  C:\Program Files\Microsoft Visual Studio\2022\Community\VC\Tools\MSVC\14.39.33519\include\xstring(492,23):
  the template instantiation context (the oldest one first) is
  	C:\Users\user\OneDrive\שולחן העבודה\came_with_computer\now\magshimim_yahav_avraham_ochana_week3\Magshimim_yahav_avraham_ochana_ekrunot_04\CaesarText.cpp(37,4):
  	see reference to function template instantiation 'std::basic_ostream<char,std::char_traits<char>> &std::operator <<<char,std::char_traits<char>,std::allocator<char>>(std::basic_ostream<char,std::char_traits<char>> &,const std::basic_string<char,std::char_traits<char>,std::allocator<char>> &)' being compiled
  	C:\Program Files\Microsoft Visual Studio\2022\Community\VC\Tools\MSVC\14.39.33519\include\xstring(5230,12):
  	see reference to function template instantiation 'std::basic_ostream<char,std::char_traits<char>> &std::_Insert_string<char,std::char_traits<char>,unsigned __int64>(std::basic_ostream<char,std::char_traits<char>> &,const _Elem *const ,const _SizeT)' being compiled
          with
          [
              _Elem=char,
              _SizeT=unsigned __int64
          ]
  
C:\Program Files\Microsoft Visual Studio\2022\Community\VC\Tools\MSVC\14.39.33519\include\xstring(492,23): error C2065: 'iostate': undeclared identifier
  (compiling source file 'CaesarText.cpp')
  
C:\Program Files\Microsoft Visual Studio\2022\Community\VC\Tools\MSVC\14.39.33519\include\xstring(492,31): error C2146: syntax error: missing ';' before identifier '_State'
  (compiling source file 'CaesarText.cpp')
  
C:\Program Files\Microsoft Visual Studio\2022\Community\VC\Tools\MSVC\14.39.33519\include\xstring(492,31): error C2065: '_State': undeclared identifier
  (compiling source file 'CaesarText.cpp')
  
C:\Program Files\Microsoft Visual Studio\2022\Community\VC\Tools\MSVC\14.39.33519\include\xstring(492,49): error C2027: use of undefined type 'std::basic_ostream<char,std::char_traits<char>>'
  (compiling source file 'CaesarText.cpp')
  C:\Program Files\Microsoft Visual Studio\2022\Community\VC\Tools\MSVC\14.39.33519\include\iosfwd(185,7):
  see declaration of 'std::basic_ostream<char,std::char_traits<char>>'
  
C:\Program Files\Microsoft Visual Studio\2022\Community\VC\Tools\MSVC\14.39.33519\include\xstring(492,49): error C2065: 'goodbit': undeclared identifier
  (compiling source file 'CaesarText.cpp')
  
C:\Program Files\Microsoft Visual Studio\2022\Community\VC\Tools\MSVC\14.39.33519\include\xstring(495,9): error C2027: use of undefined type 'std::basic_ostream<char,std::char_traits<char>>'
  (compiling source file 'CaesarText.cpp')
  C:\Program Files\Microsoft Visual Studio\2022\Community\VC\Tools\MSVC\14.39.33519\include\iosfwd(185,7):
  see declaration of 'std::basic_ostream<char,std::char_traits<char>>'
  
C:\Program Files\Microsoft Visual Studio\2022\Community\VC\Tools\MSVC\14.39.33519\include\xstring(495,51): error C2027: use of undefined type 'std::basic_ostream<char,std::char_traits<char>>'
  (compiling source file 'CaesarText.cpp')
  C:\Program Files\Microsoft Visual Studio\2022\Community\VC\Tools\MSVC\14.39.33519\include\iosfwd(185,7):
  see declaration of 'std::basic_ostream<char,std::char_traits<char>>'
  
C:\Program Files\Microsoft Visual Studio\2022\Community\VC\Tools\MSVC\14.39.33519\include\xstring(498,36): error C2027: use of undefined type 'std::basic_ostream<char,std::char_traits<char>>'
  (compiling source file 'CaesarText.cpp')
  C:\Program Files\Microsoft Visual Studio\2022\Community\VC\Tools\MSVC\14.39.33519\include\iosfwd(185,7):
  see declaration of 'std::basic_ostream<char,std::char_traits<char>>'
  
C:\Program Files\Microsoft Visual Studio\2022\Community\VC\Tools\MSVC\14.39.33519\include\xstring(501,29): error C2027: use of undefined type 'std::basic_ostream<char,std::char_traits<char>>'
  (compiling source file 'CaesarText.cpp')
  C:\Program Files\Microsoft Visual Studio\2022\Community\VC\Tools\MSVC\14.39.33519\include\iosfwd(185,7):
  see declaration of 'std::basic_ostream<char,std::char_traits<char>>'
  
C:\Program Files\Microsoft Visual Studio\2022\Community\VC\Tools\MSVC\14.39.33519\include\xstring(489,89): error C4430: missing type specifier - int assumed. Note: C++ does not support default-int
  (compiling source file 'CaesarText.cpp')
  
C:\Program Files\Microsoft Visual Studio\2022\Community\VC\Tools\MSVC\14.39.33519\include\xstring(501,36): error C2146: syntax error: missing ';' before identifier '_Ok'
  (compiling source file 'CaesarText.cpp')
  
C:\Program Files\Microsoft Visual Studio\2022\Community\VC\Tools\MSVC\14.39.33519\include\xstring(501,36): error C3861: '_Ok': identifier not found
  (compiling source file 'CaesarText.cpp')
  
C:\Program Files\Microsoft Visual Studio\2022\Community\VC\Tools\MSVC\14.39.33519\include\xstring(503,10): error C2065: '_Ok': undeclared identifier
  (compiling source file 'CaesarText.cpp')
  
C:\Program Files\Microsoft Visual Studio\2022\Community\VC\Tools\MSVC\14.39.33519\include\xstring(504,9): error C2065: '_State': undeclared identifier
  (compiling source file 'CaesarText.cpp')
  
C:\Program Files\Microsoft Visual Studio\2022\Community\VC\Tools\MSVC\14.39.33519\include\xstring(504,28): error C2027: use of undefined type 'std::basic_ostream<char,std::char_traits<char>>'
  (compiling source file 'CaesarText.cpp')
  C:\Program Files\Microsoft Visual Studio\2022\Community\VC\Tools\MSVC\14.39.33519\include\iosfwd(185,7):
  see declaration of 'std::basic_ostream<char,std::char_traits<char>>'
  
C:\Program Files\Microsoft Visual Studio\2022\Community\VC\Tools\MSVC\14.39.33519\include\xstring(504,28): error C2065: 'badbit': undeclared identifier
  (compiling source file 'CaesarText.cpp')
  
C:\Program Files\Microsoft Visual Studio\2022\Community\VC\Tools\MSVC\14.39.33519\include\xstring(507,14): error C2027: use of undefined type 'std::basic_ostream<char,std::char_traits<char>>'
  (compiling source file 'CaesarText.cpp')
  C:\Program Files\Microsoft Visual Studio\2022\Community\VC\Tools\MSVC\14.39.33519\include\iosfwd(185,7):
  see declaration of 'std::basic_ostream<char,std::char_traits<char>>'
  
C:\Program Files\Microsoft Visual Studio\2022\Community\VC\Tools\MSVC\14.39.33519\include\xstring(507,39): error C2027: use of undefined type 'std::basic_ostream<char,std::char_traits<char>>'
  (compiling source file 'CaesarText.cpp')
  C:\Program Files\Microsoft Visual Studio\2022\Community\VC\Tools\MSVC\14.39.33519\include\iosfwd(185,7):
  see declaration of 'std::basic_ostream<char,std::char_traits<char>>'
  
C:\Program Files\Microsoft Visual Studio\2022\Community\VC\Tools\MSVC\14.39.33519\include\xstring(507,39): error C2065: 'adjustfield': undeclared identifier
  (compiling source file 'CaesarText.cpp')
  
C:\Program Files\Microsoft Visual Studio\2022\Community\VC\Tools\MSVC\14.39.33519\include\xstring(507,64): error C2027: use of undefined type 'std::basic_ostream<char,std::char_traits<char>>'
  (compiling source file 'CaesarText.cpp')
  C:\Program Files\Microsoft Visual Studio\2022\Community\VC\Tools\MSVC\14.39.33519\include\iosfwd(185,7):
  see declaration of 'std::basic_ostream<char,std::char_traits<char>>'
  
C:\Program Files\Microsoft Visual Studio\2022\Community\VC\Tools\MSVC\14.39.33519\include\xstring(507,64): error C2065: 'left': undeclared identifier
  (compiling source file 'CaesarText.cpp')
  
C:\Program Files\Microsoft Visual Studio\2022\Community\VC\Tools\MSVC\14.39.33519\include\xstring(509,58): error C2027: use of undefined type 'std::basic_ostream<char,std::char_traits<char>>'
  (compiling source file 'CaesarText.cpp')
  C:\Program Files\Microsoft Visual Studio\2022\Community\VC\Tools\MSVC\14.39.33519\include\iosfwd(185,7):
  see declaration of 'std::basic_ostream<char,std::char_traits<char>>'
  
C:\Program Files\Microsoft Visual Studio\2022\Community\VC\Tools\MSVC\14.39.33519\include\xstring(509,79): error C2027: use of undefined type 'std::basic_ostream<char,std::char_traits<char>>'
  (compiling source file 'CaesarText.cpp')
  C:\Program Files\Microsoft Visual Studio\2022\Community\VC\Tools\MSVC\14.39.33519\include\iosfwd(185,7):
  see declaration of 'std::basic_ostream<char,std::char_traits<char>>'
  
C:\Program Files\Microsoft Visual Studio\2022\Community\VC\Tools\MSVC\14.39.33519\include\xstring(509,30): error C2660: 'std::_Narrow_char_traits<char,int>::eq_int_type': function does not take 1 arguments
  (compiling source file 'CaesarText.cpp')
  C:\Program Files\Microsoft Visual Studio\2022\Community\VC\Tools\MSVC\14.39.33519\include\xstring(463,38):
  see declaration of 'std::_Narrow_char_traits<char,int>::eq_int_type'
  C:\Program Files\Microsoft Visual Studio\2022\Community\VC\Tools\MSVC\14.39.33519\include\xstring(509,30):
  while trying to match the argument list '(int)'
  
C:\Program Files\Microsoft Visual Studio\2022\Community\VC\Tools\MSVC\14.39.33519\include\xstring(510,21): error C2065: '_State': undeclared identifier
  (compiling source file 'CaesarText.cpp')
  
C:\Program Files\Microsoft Visual Studio\2022\Community\VC\Tools\MSVC\14.39.33519\include\xstring(510,40): error C2027: use of undefined type 'std::basic_ostream<char,std::char_traits<char>>'
  (compiling source file 'CaesarText.cpp')
  C:\Program Files\Microsoft Visual Studio\2022\Community\VC\Tools\MSVC\14.39.33519\include\iosfwd(185,7):
  see declaration of 'std::basic_ostream<char,std::char_traits<char>>'
  
C:\Program Files\Microsoft Visual Studio\2022\Community\VC\Tools\MSVC\14.39.33519\include\xstring(510,40): error C2065: 'badbit': undeclared identifier
  (compiling source file 'CaesarText.cpp')
  
C:\Program Files\Microsoft Visual Studio\2022\Community\VC\Tools\MSVC\14.39.33519\include\xstring(516,13): error C2065: '_State': undeclared identifier
  (compiling source file 'CaesarText.cpp')
  
C:\Program Files\Microsoft Visual Studio\2022\Community\VC\Tools\MSVC\14.39.33519\include\xstring(516,32): error C2027: use of undefined type 'std::basic_ostream<char,std::char_traits<char>>'
  (compiling source file 'CaesarText.cpp')
  C:\Program Files\Microsoft Visual Studio\2022\Community\VC\Tools\MSVC\14.39.33519\include\iosfwd(185,7):
  see declaration of 'std::basic_ostream<char,std::char_traits<char>>'
  
C:\Program Files\Microsoft Visual Studio\2022\Community\VC\Tools\MSVC\14.39.33519\include\xstring(516,32): error C2065: 'goodbit': undeclared identifier
  (compiling source file 'CaesarText.cpp')
  
C:\Program Files\Microsoft Visual Studio\2022\Community\VC\Tools\MSVC\14.39.33519\include\xstring(517,16): error C2027: use of undefined type 'std::basic_ostream<char,std::char_traits<char>>'
  (compiling source file 'CaesarText.cpp')
  C:\Program Files\Microsoft Visual Studio\2022\Community\VC\Tools\MSVC\14.39.33519\include\iosfwd(185,7):
  see declaration of 'std::basic_ostream<char,std::char_traits<char>>'
  
C:\Program Files\Microsoft Visual Studio\2022\Community\VC\Tools\MSVC\14.39.33519\include\xstring(518,13): error C2065: '_State': undeclared identifier
  (compiling source file 'CaesarText.cpp')
  
C:\Program Files\Microsoft Visual Studio\2022\Community\VC\Tools\MSVC\14.39.33519\include\xstring(518,32): error C2027: use of undefined type 'std::basic_ostream<char,std::char_traits<char>>'
  (compiling source file 'CaesarText.cpp')
  C:\Program Files\Microsoft Visual Studio\2022\Community\VC\Tools\MSVC\14.39.33519\include\iosfwd(185,7):
  see declaration of 'std::basic_ostream<char,std::char_traits<char>>'
  
C:\Program Files\Microsoft Visual Studio\2022\Community\VC\Tools\MSVC\14.39.33519\include\xstring(518,32): error C2065: 'badbit': undeclared identifier
  (compiling source file 'CaesarText.cpp')
  
C:\Program Files\Microsoft Visual Studio\2022\Community\VC\Tools\MSVC\14.39.33519\include\xstring(521,58): error C2027: use of undefined type 'std::basic_ostream<char,std::char_traits<char>>'
  (compiling source file 'CaesarText.cpp')
  C:\Program Files\Microsoft Visual Studio\2022\Community\VC\Tools\MSVC\14.39.33519\include\iosfwd(185,7):
  see declaration of 'std::basic_ostream<char,std::char_traits<char>>'
  
C:\Program Files\Microsoft Visual Studio\2022\Community\VC\Tools\MSVC\14.39.33519\include\xstring(521,79): error C2027: use of undefined type 'std::basic_ostream<char,std::char_traits<char>>'
  (compiling source file 'CaesarText.cpp')
  C:\Program Files\Microsoft Visual Studio\2022\Community\VC\Tools\MSVC\14.39.33519\include\iosfwd(185,7):
  see declaration of 'std::basic_ostream<char,std::char_traits<char>>'
  
C:\Program Files\Microsoft Visual Studio\2022\Community\VC\Tools\MSVC\14.39.33519\include\xstring(521,30): error C2660: 'std::_Narrow_char_traits<char,int>::eq_int_type': function does not take 1 arguments
  (compiling source file 'CaesarText.cpp')
  C:\Program Files\Microsoft Visual Studio\2022\Community\VC\Tools\MSVC\14.39.33519\include\xstring(463,38):
  see declaration of 'std::_Narrow_char_traits<char,int>::eq_int_type'
  C:\Program Files\Microsoft Visual Studio\2022\Community\VC\Tools\MSVC\14.39.33519\include\xstring(521,30):
  while trying to match the argument list '(int)'
  
C:\Program Files\Microsoft Visual Studio\2022\Community\VC\Tools\MSVC\14.39.33519\include\xstring(522,21): error C2065: '_State': undeclared identifier
  (compiling source file 'CaesarText.cpp')
  
C:\Program Files\Microsoft Visual Studio\2022\Community\VC\Tools\MSVC\14.39.33519\include\xstring(522,40): error C2027: use of undefined type 'std::basic_ostream<char,std::char_traits<char>>'
  (compiling source file 'CaesarText.cpp')
  C:\Program Files\Microsoft Visual Studio\2022\Community\VC\Tools\MSVC\14.39.33519\include\iosfwd(185,7):
  see declaration of 'std::basic_ostream<char,std::char_traits<char>>'
  
C:\Program Files\Microsoft Visual Studio\2022\Community\VC\Tools\MSVC\14.39.33519\include\xstring(522,40): error C2065: 'badbit': undeclared identifier
  (compiling source file 'CaesarText.cpp')
  
C:\Program Files\Microsoft Visual Studio\2022\Community\VC\Tools\MSVC\14.39.33519\include\xstring(528,9): error C2027: use of undefined type 'std::basic_ostream<char,std::char_traits<char>>'
  (compiling source file 'CaesarText.cpp')
  C:\Program Files\Microsoft Visual Studio\2022\Community\VC\Tools\MSVC\14.39.33519\include\iosfwd(185,7):
  see declaration of 'std::basic_ostream<char,std::char_traits<char>>'
  
C:\Program Files\Microsoft Visual Studio\2022\Community\VC\Tools\MSVC\14.39.33519\include\xstring(529,9): error C2027: use of undefined type 'std::basic_ostream<char,std::char_traits<char>>'
  (compiling source file 'CaesarText.cpp')
  C:\Program Files\Microsoft Visual Studio\2022\Community\VC\Tools\MSVC\14.39.33519\include\iosfwd(185,7):
  see declaration of 'std::basic_ostream<char,std::char_traits<char>>'
  
C:\Program Files\Microsoft Visual Studio\2022\Community\VC\Tools\MSVC\14.39.33519\include\xstring(529,9): error C2065: 'badbit': undeclared identifier
  (compiling source file 'CaesarText.cpp')
  
C:\Program Files\Microsoft Visual Studio\2022\Community\VC\Tools\MSVC\14.39.33519\include\xstring(532,5): error C2027: use of undefined type 'std::basic_ostream<char,std::char_traits<char>>'
  (compiling source file 'CaesarText.cpp')
  C:\Program Files\Microsoft Visual Studio\2022\Community\VC\Tools\MSVC\14.39.33519\include\iosfwd(185,7):
  see declaration of 'std::basic_ostream<char,std::char_traits<char>>'
  
C:\Program Files\Microsoft Visual Studio\2022\Community\VC\Tools\MSVC\14.39.33519\include\xstring(532,20): error C2065: '_State': undeclared identifier
  (compiling source file 'CaesarText.cpp')
  
  main.cpp
  ShiftText.cpp
C:\Program Files\Microsoft Visual Studio\2022\Community\VC\Tools\MSVC\14.39.33519\include\xstring(492,23): error C2027: use of undefined type 'std::basic_ostream<char,std::char_traits<char>>'
  (compiling source file 'ShiftText.cpp')
  C:\Program Files\Microsoft Visual Studio\2022\Community\VC\Tools\MSVC\14.39.33519\include\iosfwd(185,7):
  see declaration of 'std::basic_ostream<char,std::char_traits<char>>'
  C:\Program Files\Microsoft Visual Studio\2022\Community\VC\Tools\MSVC\14.39.33519\include\xstring(492,23):
  the template instantiation context (the oldest one first) is
  	C:\Users\user\OneDrive\שולחן העבודה\came_with_computer\now\magshimim_yahav_avraham_ochana_week3\Magshimim_yahav_avraham_ochana_ekrunot_04\ShiftText.cpp(64,4):
  	see reference to function template instantiation 'std::basic_ostream<char,std::char_traits<char>> &std::operator <<<char,std::char_traits<char>,std::allocator<char>>(std::basic_ostream<char,std::char_traits<char>> &,const std::basic_string<char,std::char_traits<char>,std::allocator<char>> &)' being compiled
  	C:\Program Files\Microsoft Visual Studio\2022\Community\VC\Tools\MSVC\14.39.33519\include\xstring(5230,12):
  	see reference to function template instantiation 'std::basic_ostream<char,std::char_traits<char>> &std::_Insert_string<char,std::char_traits<char>,unsigned __int64>(std::basic_ostream<char,std::char_traits<char>> &,const _Elem *const ,const _SizeT)' being compiled
          with
          [
              _Elem=char,
              _SizeT=unsigned __int64
          ]
  
C:\Program Files\Microsoft Visual Studio\2022\Community\VC\Tools\MSVC\14.39.33519\include\xstring(492,23): error C2065: 'iostate': undeclared identifier
  (compiling source file 'ShiftText.cpp')
  
C:\Program Files\Microsoft Visual Studio\2022\Community\VC\Tools\MSVC\14.39.33519\include\xstring(492,31): error C2146: syntax error: missing ';' before identifier '_State'
  (compiling source file 'ShiftText.cpp')
  
C:\Program Files\Microsoft Visual Studio\2022\Community\VC\Tools\MSVC\14.39.33519\include\xstring(492,31): error C2065: '_State': undeclared identifier
  (compiling source file 'ShiftText.cpp')
  
C:\Program Files\Microsoft Visual Studio\2022\Community\VC\Tools\MSVC\14.39.33519\include\xstring(492,49): error C2027: use of undefined type 'std::basic_ostream<char,std::char_traits<char>>'
  (compiling source file 'ShiftText.cpp')
  C:\Program Files\Microsoft Visual Studio\2022\Community\VC\Tools\MSVC\14.39.33519\include\iosfwd(185,7):
  see declaration of 'std::basic_ostream<char,std::char_traits<char>>'
  
C:\Program Files\Microsoft Visual Studio\2022\Community\VC\Tools\MSVC\14.39.33519\include\xstring(492,49): error C2065: 'goodbit': undeclared identifier
  (compiling source file 'ShiftText.cpp')
  
C:\Program Files\Microsoft Visual Studio\2022\Community\VC\Tools\MSVC\14.39.33519\include\xstring(495,9): error C2027: use of undefined type 'std::basic_ostream<char,std::char_traits<char>>'
  (compiling source file 'ShiftText.cpp')
  C:\Program Files\Microsoft Visual Studio\2022\Community\VC\Tools\MSVC\14.39.33519\include\iosfwd(185,7):
  see declaration of 'std::basic_ostream<char,std::char_traits<char>>'
  
C:\Program Files\Microsoft Visual Studio\2022\Community\VC\Tools\MSVC\14.39.33519\include\xstring(495,51): error C2027: use of undefined type 'std::basic_ostream<char,std::char_traits<char>>'
  (compiling source file 'ShiftText.cpp')
  C:\Program Files\Microsoft Visual Studio\2022\Community\VC\Tools\MSVC\14.39.33519\include\iosfwd(185,7):
  see declaration of 'std::basic_ostream<char,std::char_traits<char>>'
  
C:\Program Files\Microsoft Visual Studio\2022\Community\VC\Tools\MSVC\14.39.33519\include\xstring(498,36): error C2027: use of undefined type 'std::basic_ostream<char,std::char_traits<char>>'
  (compiling source file 'ShiftText.cpp')
  C:\Program Files\Microsoft Visual Studio\2022\Community\VC\Tools\MSVC\14.39.33519\include\iosfwd(185,7):
  see declaration of 'std::basic_ostream<char,std::char_traits<char>>'
  
C:\Program Files\Microsoft Visual Studio\2022\Community\VC\Tools\MSVC\14.39.33519\include\xstring(501,29): error C2027: use of undefined type 'std::basic_ostream<char,std::char_traits<char>>'
  (compiling source file 'ShiftText.cpp')
  C:\Program Files\Microsoft Visual Studio\2022\Community\VC\Tools\MSVC\14.39.33519\include\iosfwd(185,7):
  see declaration of 'std::basic_ostream<char,std::char_traits<char>>'
  
C:\Program Files\Microsoft Visual Studio\2022\Community\VC\Tools\MSVC\14.39.33519\include\xstring(489,89): error C4430: missing type specifier - int assumed. Note: C++ does not support default-int
  (compiling source file 'ShiftText.cpp')
  
C:\Program Files\Microsoft Visual Studio\2022\Community\VC\Tools\MSVC\14.39.33519\include\xstring(501,36): error C2146: syntax error: missing ';' before identifier '_Ok'
  (compiling source file 'ShiftText.cpp')
  
C:\Program Files\Microsoft Visual Studio\2022\Community\VC\Tools\MSVC\14.39.33519\include\xstring(501,36): error C3861: '_Ok': identifier not found
  (compiling source file 'ShiftText.cpp')
  
C:\Program Files\Microsoft Visual Studio\2022\Community\VC\Tools\MSVC\14.39.33519\include\xstring(503,10): error C2065: '_Ok': undeclared identifier
  (compiling source file 'ShiftText.cpp')
  
C:\Program Files\Microsoft Visual Studio\2022\Community\VC\Tools\MSVC\14.39.33519\include\xstring(504,9): error C2065: '_State': undeclared identifier
  (compiling source file 'ShiftText.cpp')
  
C:\Program Files\Microsoft Visual Studio\2022\Community\VC\Tools\MSVC\14.39.33519\include\xstring(504,28): error C2027: use of undefined type 'std::basic_ostream<char,std::char_traits<char>>'
  (compiling source file 'ShiftText.cpp')
  C:\Program Files\Microsoft Visual Studio\2022\Community\VC\Tools\MSVC\14.39.33519\include\iosfwd(185,7):
  see declaration of 'std::basic_ostream<char,std::char_traits<char>>'
  
C:\Program Files\Microsoft Visual Studio\2022\Community\VC\Tools\MSVC\14.39.33519\include\xstring(504,28): error C2065: 'badbit': undeclared identifier
  (compiling source file 'ShiftText.cpp')
  
C:\Program Files\Microsoft Visual Studio\2022\Community\VC\Tools\MSVC\14.39.33519\include\xstring(507,14): error C2027: use of undefined type 'std::basic_ostream<char,std::char_traits<char>>'
  (compiling source file 'ShiftText.cpp')
  C:\Program Files\Microsoft Visual Studio\2022\Community\VC\Tools\MSVC\14.39.33519\include\iosfwd(185,7):
  see declaration of 'std::basic_ostream<char,std::char_traits<char>>'
  
C:\Program Files\Microsoft Visual Studio\2022\Community\VC\Tools\MSVC\14.39.33519\include\xstring(507,39): error C2027: use of undefined type 'std::basic_ostream<char,std::char_traits<char>>'
  (compiling source file 'ShiftText.cpp')
  C:\Program Files\Microsoft Visual Studio\2022\Community\VC\Tools\MSVC\14.39.33519\include\iosfwd(185,7):
  see declaration of 'std::basic_ostream<char,std::char_traits<char>>'
  
C:\Program Files\Microsoft Visual Studio\2022\Community\VC\Tools\MSVC\14.39.33519\include\xstring(507,39): error C2065: 'adjustfield': undeclared identifier
  (compiling source file 'ShiftText.cpp')
  
C:\Program Files\Microsoft Visual Studio\2022\Community\VC\Tools\MSVC\14.39.33519\include\xstring(507,64): error C2027: use of undefined type 'std::basic_ostream<char,std::char_traits<char>>'
  (compiling source file 'ShiftText.cpp')
  C:\Program Files\Microsoft Visual Studio\2022\Community\VC\Tools\MSVC\14.39.33519\include\iosfwd(185,7):
  see declaration of 'std::basic_ostream<char,std::char_traits<char>>'
  
C:\Program Files\Microsoft Visual Studio\2022\Community\VC\Tools\MSVC\14.39.33519\include\xstring(507,64): error C2065: 'left': undeclared identifier
  (compiling source file 'ShiftText.cpp')
  
C:\Program Files\Microsoft Visual Studio\2022\Community\VC\Tools\MSVC\14.39.33519\include\xstring(509,58): error C2027: use of undefined type 'std::basic_ostream<char,std::char_traits<char>>'
  (compiling source file 'ShiftText.cpp')
  C:\Program Files\Microsoft Visual Studio\2022\Community\VC\Tools\MSVC\14.39.33519\include\iosfwd(185,7):
  see declaration of 'std::basic_ostream<char,std::char_traits<char>>'
  
C:\Program Files\Microsoft Visual Studio\2022\Community\VC\Tools\MSVC\14.39.33519\include\xstring(509,79): error C2027: use of undefined type 'std::basic_ostream<char,std::char_traits<char>>'
  (compiling source file 'ShiftText.cpp')
  C:\Program Files\Microsoft Visual Studio\2022\Community\VC\Tools\MSVC\14.39.33519\include\iosfwd(185,7):
  see declaration of 'std::basic_ostream<char,std::char_traits<char>>'
  
C:\Program Files\Microsoft Visual Studio\2022\Community\VC\Tools\MSVC\14.39.33519\include\xstring(509,30): error C2660: 'std::_Narrow_char_traits<char,int>::eq_int_type': function does not take 1 arguments
  (compiling source file 'ShiftText.cpp')
  C:\Program Files\Microsoft Visual Studio\2022\Community\VC\Tools\MSVC\14.39.33519\include\xstring(463,38):
  see declaration of 'std::_Narrow_char_traits<char,int>::eq_int_type'
  C:\Program Files\Microsoft Visual Studio\2022\Community\VC\Tools\MSVC\14.39.33519\include\xstring(509,30):
  while trying to match the argument list '(int)'
  
C:\Program Files\Microsoft Visual Studio\2022\Community\VC\Tools\MSVC\14.39.33519\include\xstring(510,21): error C2065: '_State': undeclared identifier
  (compiling source file 'ShiftText.cpp')
  
C:\Program Files\Microsoft Visual Studio\2022\Community\VC\Tools\MSVC\14.39.33519\include\xstring(510,40): error C2027: use of undefined type 'std::basic_ostream<char,std::char_traits<char>>'
  (compiling source file 'ShiftText.cpp')
  C:\Program Files\Microsoft Visual Studio\2022\Community\VC\Tools\MSVC\14.39.33519\include\iosfwd(185,7):
  see declaration of 'std::basic_ostream<char,std::char_traits<char>>'
  
C:\Program Files\Microsoft Visual Studio\2022\Community\VC\Tools\MSVC\14.39.33519\include\xstring(510,40): error C2065: 'badbit': undeclared identifier
  (compiling source file 'ShiftText.cpp')
  
C:\Program Files\Microsoft Visual Studio\2022\Community\VC\Tools\MSVC\14.39.33519\include\xstring(516,13): error C2065: '_State': undeclared identifier
  (compiling source file 'ShiftText.cpp')
  
C:\Program Files\Microsoft Visual Studio\2022\Community\VC\Tools\MSVC\14.39.33519\include\xstring(516,32): error C2027: use of undefined type 'std::basic_ostream<char,std::char_traits<char>>'
  (compiling source file 'ShiftText.cpp')
  C:\Program Files\Microsoft Visual Studio\2022\Community\VC\Tools\MSVC\14.39.33519\include\iosfwd(185,7):
  see declaration of 'std::basic_ostream<char,std::char_traits<char>>'
  
C:\Program Files\Microsoft Visual Studio\2022\Community\VC\Tools\MSVC\14.39.33519\include\xstring(516,32): error C2065: 'goodbit': undeclared identifier
  (compiling source file 'ShiftText.cpp')
  
C:\Program Files\Microsoft Visual Studio\2022\Community\VC\Tools\MSVC\14.39.33519\include\xstring(517,16): error C2027: use of undefined type 'std::basic_ostream<char,std::char_traits<char>>'
  (compiling source file 'ShiftText.cpp')
  C:\Program Files\Microsoft Visual Studio\2022\Community\VC\Tools\MSVC\14.39.33519\include\iosfwd(185,7):
  see declaration of 'std::basic_ostream<char,std::char_traits<char>>'
  
C:\Program Files\Microsoft Visual Studio\2022\Community\VC\Tools\MSVC\14.39.33519\include\xstring(518,13): error C2065: '_State': undeclared identifier
  (compiling source file 'ShiftText.cpp')
  
C:\Program Files\Microsoft Visual Studio\2022\Community\VC\Tools\MSVC\14.39.33519\include\xstring(518,32): error C2027: use of undefined type 'std::basic_ostream<char,std::char_traits<char>>'
  (compiling source file 'ShiftText.cpp')
  C:\Program Files\Microsoft Visual Studio\2022\Community\VC\Tools\MSVC\14.39.33519\include\iosfwd(185,7):
  see declaration of 'std::basic_ostream<char,std::char_traits<char>>'
  
C:\Program Files\Microsoft Visual Studio\2022\Community\VC\Tools\MSVC\14.39.33519\include\xstring(518,32): error C2065: 'badbit': undeclared identifier
  (compiling source file 'ShiftText.cpp')
  
C:\Program Files\Microsoft Visual Studio\2022\Community\VC\Tools\MSVC\14.39.33519\include\xstring(521,58): error C2027: use of undefined type 'std::basic_ostream<char,std::char_traits<char>>'
  (compiling source file 'ShiftText.cpp')
  C:\Program Files\Microsoft Visual Studio\2022\Community\VC\Tools\MSVC\14.39.33519\include\iosfwd(185,7):
  see declaration of 'std::basic_ostream<char,std::char_traits<char>>'
  
C:\Program Files\Microsoft Visual Studio\2022\Community\VC\Tools\MSVC\14.39.33519\include\xstring(521,79): error C2027: use of undefined type 'std::basic_ostream<char,std::char_traits<char>>'
  (compiling source file 'ShiftText.cpp')
  C:\Program Files\Microsoft Visual Studio\2022\Community\VC\Tools\MSVC\14.39.33519\include\iosfwd(185,7):
  see declaration of 'std::basic_ostream<char,std::char_traits<char>>'
  
C:\Program Files\Microsoft Visual Studio\2022\Community\VC\Tools\MSVC\14.39.33519\include\xstring(521,30): error C2660: 'std::_Narrow_char_traits<char,int>::eq_int_type': function does not take 1 arguments
  (compiling source file 'ShiftText.cpp')
  C:\Program Files\Microsoft Visual Studio\2022\Community\VC\Tools\MSVC\14.39.33519\include\xstring(463,38):
  see declaration of 'std::_Narrow_char_traits<char,int>::eq_int_type'
  C:\Program Files\Microsoft Visual Studio\2022\Community\VC\Tools\MSVC\14.39.33519\include\xstring(521,30):
  while trying to match the argument list '(int)'
  
C:\Program Files\Microsoft Visual Studio\2022\Community\VC\Tools\MSVC\14.39.33519\include\xstring(522,21): error C2065: '_State': undeclared identifier
  (compiling source file 'ShiftText.cpp')
  
C:\Program Files\Microsoft Visual Studio\2022\Community\VC\Tools\MSVC\14.39.33519\include\xstring(522,40): error C2027: use of undefined type 'std::basic_ostream<char,std::char_traits<char>>'
  (compiling source file 'ShiftText.cpp')
  C:\Program Files\Microsoft Visual Studio\2022\Community\VC\Tools\MSVC\14.39.33519\include\iosfwd(185,7):
  see declaration of 'std::basic_ostream<char,std::char_traits<char>>'
  
C:\Program Files\Microsoft Visual Studio\2022\Community\VC\Tools\MSVC\14.39.33519\include\xstring(522,40): error C2065: 'badbit': undeclared identifier
  (compiling source file 'ShiftText.cpp')
  
C:\Program Files\Microsoft Visual Studio\2022\Community\VC\Tools\MSVC\14.39.33519\include\xstring(528,9): error C2027: use of undefined type 'std::basic_ostream<char,std::char_traits<char>>'
  (compiling source file 'ShiftText.cpp')
  C:\Program Files\Microsoft Visual Studio\2022\Community\VC\Tools\MSVC\14.39.33519\include\iosfwd(185,7):
  see declaration of 'std::basic_ostream<char,std::char_traits<char>>'
  
C:\Program Files\Microsoft Visual Studio\2022\Community\VC\Tools\MSVC\14.39.33519\include\xstring(529,9): error C2027: use of undefined type 'std::basic_ostream<char,std::char_traits<char>>'
  (compiling source file 'ShiftText.cpp')
  C:\Program Files\Microsoft Visual Studio\2022\Community\VC\Tools\MSVC\14.39.33519\include\iosfwd(185,7):
  see declaration of 'std::basic_ostream<char,std::char_traits<char>>'
  
C:\Program Files\Microsoft Visual Studio\2022\Community\VC\Tools\MSVC\14.39.33519\include\xstring(529,9): error C2065: 'badbit': undeclared identifier
  (compiling source file 'ShiftText.cpp')
  
C:\Program Files\Microsoft Visual Studio\2022\Community\VC\Tools\MSVC\14.39.33519\include\xstring(532,5): error C2027: use of undefined type 'std::basic_ostream<char,std::char_traits<char>>'
  (compiling source file 'ShiftText.cpp')
  C:\Program Files\Microsoft Visual Studio\2022\Community\VC\Tools\MSVC\14.39.33519\include\iosfwd(185,7):
  see declaration of 'std::basic_ostream<char,std::char_traits<char>>'
  
C:\Program Files\Microsoft Visual Studio\2022\Community\VC\Tools\MSVC\14.39.33519\include\xstring(532,20): error C2065: '_State': undeclared identifier
  (compiling source file 'ShiftText.cpp')
  
  Generating Code...
